# JRE version: Java(TM) SE Runtime Environment (8.0_144-b01) (build 1.8.0_144-b01)
# Java VM: Java HotSpot(TM) Client VM (25.144-b01 mixed mode, sharing windows-x86 )
Heap:
 def new generation   total 15744K, used 8806K [0x04600000, 0x05710000, 0x09b50000)
  eden space 14016K,  57% used [0x04600000, 0x04dd7a10, 0x053b0000)
  from space 1728K,  44% used [0x053b0000, 0x05471e20, 0x05560000)
  to   space 1728K,   0% used [0x05560000, 0x05560000, 0x05710000)
 tenured generation   total 34900K, used 30453K [0x09b50000, 0x0bd65000, 0x14600000)
   the space 34900K,  87% used [0x09b50000, 0x0b90d548, 0x0b90d600, 0x0bd65000)
 Metaspace       used 24086K, capacity 24879K, committed 24960K, reserved 24960K
GC Heap History (10 events):
Event: 6.693 GC heap before
{Heap before GC invocations=82 (full 3):
 def new generation   total 15744K, used 15175K [0x04600000, 0x05710000, 0x09b50000)
  eden space 14016K, 100% used [0x04600000, 0x053b0000, 0x053b0000)
  from space 1728K,  67% used [0x05560000, 0x05681f70, 0x05710000)
  to   space 1728K,   0% used [0x053b0000, 0x053b0000, 0x05560000)
 tenured generation   total 34900K, used 25247K [0x09b50000, 0x0bd65000, 0x14600000)
   the space 34900K,  72% used [0x09b50000, 0x0b3f7c40, 0x0b3f7e00, 0x0bd65000)
 Metaspace       used 23243K, capacity 23919K, committed 23936K, reserved 23936K
Event: 6.699 GC heap after
Heap after GC invocations=83 (full 3):
 def new generation   total 15744K, used 926K [0x04600000, 0x05710000, 0x09b50000)
  eden space 14016K,   0% used [0x04600000, 0x04600000, 0x053b0000)
  from space 1728K,  53% used [0x053b0000, 0x05497bd0, 0x05560000)
  to   space 1728K,   0% used [0x05560000, 0x05560000, 0x05710000)
 tenured generation   total 34900K, used 26041K [0x09b50000, 0x0bd65000, 0x14600000)
   the space 34900K,  74% used [0x09b50000, 0x0b4be550, 0x0b4be600, 0x0bd65000)
 Metaspace       used 23243K, capacity 23919K, committed 23936K, reserved 23936K
}
Event: 6.817 GC heap before
{Heap before GC invocations=83 (full 3):
 def new generation   total 15744K, used 14942K [0x04600000, 0x05710000, 0x09b50000)
  eden space 14016K, 100% used [0x04600000, 0x053b0000, 0x053b0000)
  from space 1728K,  53% used [0x053b0000, 0x05497bd0, 0x05560000)
  to   space 1728K,   0% used [0x05560000, 0x05560000, 0x05710000)
 tenured generation   total 34900K, used 26041K [0x09b50000, 0x0bd65000, 0x14600000)
   the space 34900K,  74% used [0x09b50000, 0x0b4be550, 0x0b4be600, 0x0bd65000)
 Metaspace       used 23316K, capacity 23979K, committed 24064K, reserved 24960K
Event: 6.829 GC heap after
Heap after GC invocations=84 (full 3):
 def new generation   total 15744K, used 724K [0x04600000, 0x05710000, 0x09b50000)
  eden space 14016K,   0% used [0x04600000, 0x04600000, 0x053b0000)
  from space 1728K,  41% used [0x05560000, 0x05615108, 0x05710000)
  to   space 1728K,   0% used [0x053b0000, 0x053b0000, 0x05560000)
 tenured generation   total 34900K, used 26670K [0x09b50000, 0x0bd65000, 0x14600000)
   the space 34900K,  76% used [0x09b50000, 0x0b55ba00, 0x0b55ba00, 0x0bd65000)
 Metaspace       used 23316K, capacity 23979K, committed 24064K, reserved 24960K
}
Event: 6.958 GC heap before
{Heap before GC invocations=84 (full 3):
 def new generation   total 15744K, used 14740K [0x04600000, 0x05710000, 0x09b50000)
  eden space 14016K, 100% used [0x04600000, 0x053b0000, 0x053b0000)
  from space 1728K,  41% used [0x05560000, 0x05615108, 0x05710000)
  to   space 1728K,   0% used [0x053b0000, 0x053b0000, 0x05560000)
 tenured generation   total 34900K, used 26670K [0x09b50000, 0x0bd65000, 0x14600000)
   the space 34900K,  76% used [0x09b50000, 0x0b55ba00, 0x0b55ba00, 0x0bd65000)
 Metaspace       used 23835K, capacity 24583K, committed 24704K, reserved 24960K
Event: 6.966 GC heap after
Heap after GC invocations=85 (full 3):
 def new generation   total 15744K, used 1728K [0x04600000, 0x05710000, 0x09b50000)
  eden space 14016K,   0% used [0x04600000, 0x04600000, 0x053b0000)
  from space 1728K, 100% used [0x053b0000, 0x05560000, 0x05560000)
  to   space 1728K,   0% used [0x05560000, 0x05560000, 0x05710000)
 tenured generation   total 34900K, used 27460K [0x09b50000, 0x0bd65000, 0x14600000)
   the space 34900K,  78% used [0x09b50000, 0x0b6210e8, 0x0b621200, 0x0bd65000)
 Metaspace       used 23835K, capacity 24583K, committed 24704K, reserved 24960K
}
Event: 7.090 GC heap before
{Heap before GC invocations=85 (full 3):
 def new generation   total 15744K, used 15744K [0x04600000, 0x05710000, 0x09b50000)
  eden space 14016K, 100% used [0x04600000, 0x053b0000, 0x053b0000)
  from space 1728K, 100% used [0x053b0000, 0x05560000, 0x05560000)
  to   space 1728K,   0% used [0x05560000, 0x05560000, 0x05710000)
 tenured generation   total 34900K, used 27460K [0x09b50000, 0x0bd65000, 0x14600000)
   the space 34900K,  78% used [0x09b50000, 0x0b6210e8, 0x0b621200, 0x0bd65000)
 Metaspace       used 24066K, capacity 24862K, committed 24960K, reserved 24960K
Event: 7.100 GC heap after
Heap after GC invocations=86 (full 3):
 def new generation   total 15744K, used 1666K [0x04600000, 0x05710000, 0x09b50000)
  eden space 14016K,   0% used [0x04600000, 0x04600000, 0x053b0000)
  from space 1728K,  96% used [0x05560000, 0x05700b58, 0x05710000)
  to   space 1728K,   0% used [0x053b0000, 0x053b0000, 0x05560000)
 tenured generation   total 34900K, used 29167K [0x09b50000, 0x0bd65000, 0x14600000)
   the space 34900K,  83% used [0x09b50000, 0x0b7cbdb8, 0x0b7cbe00, 0x0bd65000)
 Metaspace       used 24066K, capacity 24862K, committed 24960K, reserved 24960K
}
Event: 7.199 GC heap before
{Heap before GC invocations=86 (full 3):
 def new generation   total 15744K, used 15682K [0x04600000, 0x05710000, 0x09b50000)
  eden space 14016K, 100% used [0x04600000, 0x053b0000, 0x053b0000)
  from space 1728K,  96% used [0x05560000, 0x05700b58, 0x05710000)
  to   space 1728K,   0% used [0x053b0000, 0x053b0000, 0x05560000)
 tenured generation   total 34900K, used 29167K [0x09b50000, 0x0bd65000, 0x14600000)
   the space 34900K,  83% used [0x09b50000, 0x0b7cbdb8, 0x0b7cbe00, 0x0bd65000)
 Metaspace       used 24084K, capacity 24877K, committed 24960K, reserved 24960K
Event: 7.206 GC heap after
Heap after GC invocations=87 (full 3):
 def new generation   total 15744K, used 775K [0x04600000, 0x05710000, 0x09b50000)
  eden space 14016K,   0% used [0x04600000, 0x04600000, 0x053b0000)
  from space 1728K,  44% used [0x053b0000, 0x05471e20, 0x05560000)
  to   space 1728K,   0% used [0x05560000, 0x05560000, 0x05710000)
 tenured generation   total 34900K, used 30453K [0x09b50000, 0x0bd65000, 0x14600000)
   the space 34900K,  87% used [0x09b50000, 0x0b90d548, 0x0b90d600, 0x0bd65000)
 Metaspace       used 24084K, capacity 24877K, committed 24960K, reserved 24960K
}

