# JRE version: Java(TM) SE Runtime Environment (8.0_144-b01) (build 1.8.0_144-b01)
# Java VM: Java HotSpot(TM) Client VM (25.144-b01 mixed mode, sharing windows-x86 )
Heap:
 def new generation   total 41216K, used 13694K [0x04e00000, 0x07ab0000, 0x0a350000)
  eden space 36672K,  36% used [0x04e00000, 0x05b0aa78, 0x071d0000)
  from space 4544K,   7% used [0x071d0000, 0x07225050, 0x07640000)
  to   space 4544K,   0% used [0x07640000, 0x07640000, 0x07ab0000)
 tenured generation   total 91392K, used 74086K [0x0a350000, 0x0fc90000, 0x14e00000)
   the space 91392K,  81% used [0x0a350000, 0x0eba98b0, 0x0eba9a00, 0x0fc90000)
 Metaspace       used 33305K, capacity 34256K, committed 34304K, reserved 35200K
GC Heap History (10 events):
Event: 13.609 GC heap before
{Heap before GC invocations=105 (full 4):
 def new generation   total 25216K, used 25216K [0x04e00000, 0x06950000, 0x0a350000)
  eden space 22464K, 100% used [0x04e00000, 0x063f0000, 0x063f0000)
  from space 2752K, 100% used [0x063f0000, 0x066a0000, 0x066a0000)
  to   space 2752K,   0% used [0x066a0000, 0x066a0000, 0x06950000)
 tenured generation   total 55884K, used 51886K [0x0a350000, 0x0d9e3000, 0x14e00000)
   the space 55884K,  92% used [0x0a350000, 0x0d5fb8c8, 0x0d5fba00, 0x0d9e3000)
 Metaspace       used 29128K, capacity 30047K, committed 30080K, reserved 30080K
Event: 13.795 GC heap after
Heap after GC invocations=106 (full 5):
 def new generation   total 41216K, used 0K [0x04e00000, 0x07ab0000, 0x0a350000)
  eden space 36672K,   0% used [0x04e00000, 0x04e00000, 0x071d0000)
  from space 4544K,   0% used [0x071d0000, 0x071d0000, 0x07640000)
  to   space 4544K,   0% used [0x07640000, 0x07640000, 0x07ab0000)
 tenured generation   total 91392K, used 54833K [0x0a350000, 0x0fc90000, 0x14e00000)
   the space 91392K,  59% used [0x0a350000, 0x0d8dc7c0, 0x0d8dc800, 0x0fc90000)
 Metaspace       used 29127K, capacity 30045K, committed 30080K, reserved 30080K
}
Event: 14.495 GC heap before
{Heap before GC invocations=106 (full 5):
 def new generation   total 41216K, used 36672K [0x04e00000, 0x07ab0000, 0x0a350000)
  eden space 36672K, 100% used [0x04e00000, 0x071d0000, 0x071d0000)
  from space 4544K,   0% used [0x071d0000, 0x071d0000, 0x07640000)
  to   space 4544K,   0% used [0x07640000, 0x07640000, 0x07ab0000)
 tenured generation   total 91392K, used 54833K [0x0a350000, 0x0fc90000, 0x14e00000)
   the space 91392K,  59% used [0x0a350000, 0x0d8dc7c0, 0x0d8dc800, 0x0fc90000)
 Metaspace       used 29505K, capacity 30431K, committed 30464K, reserved 31104K
Event: 14.523 GC heap after
Heap after GC invocations=107 (full 5):
 def new generation   total 41216K, used 4544K [0x04e00000, 0x07ab0000, 0x0a350000)
  eden space 36672K,   0% used [0x04e00000, 0x04e00000, 0x071d0000)
  from space 4544K, 100% used [0x07640000, 0x07ab0000, 0x07ab0000)
  to   space 4544K,   0% used [0x071d0000, 0x071d0000, 0x07640000)
 tenured generation   total 91392K, used 58416K [0x0a350000, 0x0fc90000, 0x14e00000)
   the space 91392K,  63% used [0x0a350000, 0x0dc5c138, 0x0dc5c200, 0x0fc90000)
 Metaspace       used 29505K, capacity 30431K, committed 30464K, reserved 31104K
}
Event: 15.229 GC heap before
{Heap before GC invocations=107 (full 5):
 def new generation   total 41216K, used 41216K [0x04e00000, 0x07ab0000, 0x0a350000)
  eden space 36672K, 100% used [0x04e00000, 0x071d0000, 0x071d0000)
  from space 4544K, 100% used [0x07640000, 0x07ab0000, 0x07ab0000)
  to   space 4544K,   0% used [0x071d0000, 0x071d0000, 0x07640000)
 tenured generation   total 91392K, used 58416K [0x0a350000, 0x0fc90000, 0x14e00000)
   the space 91392K,  63% used [0x0a350000, 0x0dc5c138, 0x0dc5c200, 0x0fc90000)
 Metaspace       used 32412K, capacity 33346K, committed 33408K, reserved 34176K
Event: 15.261 GC heap after
Heap after GC invocations=108 (full 5):
 def new generation   total 41216K, used 4544K [0x04e00000, 0x07ab0000, 0x0a350000)
  eden space 36672K,   0% used [0x04e00000, 0x04e00000, 0x071d0000)
  from space 4544K, 100% used [0x071d0000, 0x07640000, 0x07640000)
  to   space 4544K,   0% used [0x07640000, 0x07640000, 0x07ab0000)
 tenured generation   total 91392K, used 67009K [0x0a350000, 0x0fc90000, 0x14e00000)
   the space 91392K,  73% used [0x0a350000, 0x0e4c06e0, 0x0e4c0800, 0x0fc90000)
 Metaspace       used 32412K, capacity 33346K, committed 33408K, reserved 34176K
}
Event: 16.609 GC heap before
{Heap before GC invocations=108 (full 5):
 def new generation   total 41216K, used 41216K [0x04e00000, 0x07ab0000, 0x0a350000)
  eden space 36672K, 100% used [0x04e00000, 0x071d0000, 0x071d0000)
  from space 4544K, 100% used [0x071d0000, 0x07640000, 0x07640000)
  to   space 4544K,   0% used [0x07640000, 0x07640000, 0x07ab0000)
 tenured generation   total 91392K, used 67009K [0x0a350000, 0x0fc90000, 0x14e00000)
   the space 91392K,  73% used [0x0a350000, 0x0e4c06e0, 0x0e4c0800, 0x0fc90000)
 Metaspace       used 33286K, capacity 34223K, committed 34304K, reserved 35200K
Event: 16.628 GC heap after
Heap after GC invocations=109 (full 5):
 def new generation   total 41216K, used 4544K [0x04e00000, 0x07ab0000, 0x0a350000)
  eden space 36672K,   0% used [0x04e00000, 0x04e00000, 0x071d0000)
  from space 4544K, 100% used [0x07640000, 0x07ab0000, 0x07ab0000)
  to   space 4544K,   0% used [0x071d0000, 0x071d0000, 0x07640000)
 tenured generation   total 91392K, used 71515K [0x0a350000, 0x0fc90000, 0x14e00000)
   the space 91392K,  78% used [0x0a350000, 0x0e926fe0, 0x0e927000, 0x0fc90000)
 Metaspace       used 33286K, capacity 34223K, committed 34304K, reserved 35200K
}
Event: 17.356 GC heap before
{Heap before GC invocations=109 (full 5):
 def new generation   total 41216K, used 41216K [0x04e00000, 0x07ab0000, 0x0a350000)
  eden space 36672K, 100% used [0x04e00000, 0x071d0000, 0x071d0000)
  from space 4544K, 100% used [0x07640000, 0x07ab0000, 0x07ab0000)
  to   space 4544K,   0% used [0x071d0000, 0x071d0000, 0x07640000)
 tenured generation   total 91392K, used 71515K [0x0a350000, 0x0fc90000, 0x14e00000)
   the space 91392K,  78% used [0x0a350000, 0x0e926fe0, 0x0e927000, 0x0fc90000)
 Metaspace       used 33300K, capacity 34248K, committed 34304K, reserved 35200K
Event: 17.367 GC heap after
Heap after GC invocations=110 (full 5):
 def new generation   total 41216K, used 340K [0x04e00000, 0x07ab0000, 0x0a350000)
  eden space 36672K,   0% used [0x04e00000, 0x04e00000, 0x071d0000)
  from space 4544K,   7% used [0x071d0000, 0x07225050, 0x07640000)
  to   space 4544K,   0% used [0x07640000, 0x07640000, 0x07ab0000)
 tenured generation   total 91392K, used 74086K [0x0a350000, 0x0fc90000, 0x14e00000)
   the space 91392K,  81% used [0x0a350000, 0x0eba98b0, 0x0eba9a00, 0x0fc90000)
 Metaspace       used 33300K, capacity 34248K, committed 34304K, reserved 35200K
}

